<?xml version="1.0" encoding="UTF-8"?>
<!-- Generated by org.testng.reporters.JUnitXMLReporter -->
<testsuite ignored="0" hostname="abdo-PC" failures="0" tests="7" name="end to end test" time="91.827" errors="0" timestamp="05 Sep 2023 04:02:20 GMT">
  <testcase classname="testng.crm" name="computers" time="4.287"/>
  <testcase classname="testng.crm" name="url" time="0.055"/>
  <testcase classname="testng.crm" name="title" time="0.029"/>
  <testcase classname="testng.crm" name="logo" time="0.234"/>
  <testcase classname="testng.crm" name="login" time="4.037"/>
  <testcase classname="testng.NewTest" name="forgot_password" time="3.29"/>
  <testcase classname="testng.NewTest" name="signup" time="6.476"/>
</testsuite> <!-- end to end test -->
