<?xml version="1.0" encoding="UTF-8"?>
<!-- Generated by org.testng.reporters.JUnitXMLReporter -->
<testsuite ignored="5" hostname="abdo-PC" failures="0" tests="2" name="include and exclude test" time="37.859" errors="0" timestamp="13 Sep 2023 01:09:35 GMT">
  <testcase classname="testng.crm" name="url" time="0.067"/>
  <testcase classname="testng.NewTest" name="forgot_password" time="3.352"/>
  <testcase classname="testng.crm" name="title" time="0.0">
    <ignored/>
  </testcase> <!-- title -->
  <testcase classname="testng.crm" name="computers" time="0.0">
    <ignored/>
  </testcase> <!-- computers -->
  <testcase classname="testng.crm" name="logo" time="0.0">
    <ignored/>
  </testcase> <!-- logo -->
  <testcase classname="testng.NewTest" name="signup" time="0.0">
    <ignored/>
  </testcase> <!-- signup -->
  <testcase classname="testng.crm" name="login" time="0.0">
    <ignored/>
  </testcase> <!-- login -->
</testsuite> <!-- include and exclude test -->
