<?xml version="1.0" encoding="UTF-8"?>
<testng-results ignored="0" total="8" passed="7" failed="1" skipped="0">
  <reporter-output>
  </reporter-output>
  <suite started-at="2023-11-27T16:55:30Z" name="Default suite" finished-at="2023-11-27T16:57:09Z" duration-ms="98455">
    <groups>
      <group name="E2E">
        <method signature="crm.url()[pri:4, instance:testng.crm@6d025197]" name="url" class="testng.crm"/>
      </group> <!-- E2E -->
    </groups>
    <test started-at="2023-11-27T16:55:30Z" name="Default test" finished-at="2023-11-27T16:57:09Z" duration-ms="98455">
      <class name="testng.crm">
        <test-method is-config="true" signature="before()[pri:0, instance:testng.crm@6d025197]" started-at="2023-11-27T16:55:30Z" name="before" finished-at="2023-11-27T16:55:44Z" duration-ms="14101" status="PASS">
          <reporter-output>
          </reporter-output>
        </test-method> <!-- before -->
        <test-method signature="computers()[pri:0, instance:testng.crm@6d025197]" started-at="2023-11-27T16:55:44Z" name="computers" finished-at="2023-11-27T16:55:48Z" duration-ms="3754" status="FAIL">
          <exception class="org.openqa.selenium.NoSuchElementException">
            <message>
              <![CDATA[no such element: Unable to locate element: {"method":"link text","selector":"Tester’s Hub"}
  (Session info: chrome=109.0.5414.120)
For documentation on this error, please visit: https://www.selenium.dev/documentation/webdriver/troubleshooting/errors#no-such-element-exception
Build info: version: '4.11.0', revision: '040bc5406b'
System info: os.name: 'Windows 7', os.arch: 'amd64', os.version: '6.1', java.version: '17.0.7'
Driver info: org.openqa.selenium.chrome.ChromeDriver
Command: [99c276819ae2830886b31aaa7b2e9582, findElement {using=link text, value=Tester’s Hub}]
Capabilities {acceptInsecureCerts: false, browserName: chrome, browserVersion: 109.0.5414.120, chrome: {chromedriverVersion: 109.0.5414.25 (771113d280dd..., userDataDir: C:\Program Files (x86)\scop...}, goog:chromeOptions: {debuggerAddress: localhost:55575}, networkConnectionEnabled: false, pageLoadStrategy: normal, platformName: windows, proxy: Proxy(), se:cdp: ws://localhost:55575/devtoo..., se:cdpVersion: 109.0.5414.120, setWindowRect: true, strictFileInteractability: false, timeouts: {implicit: 0, pageLoad: 300000, script: 30000}, unhandledPromptBehavior: dismiss and notify, webauthn:extension:credBlob: true, webauthn:extension:largeBlob: true, webauthn:virtualAuthenticators: true}
Session ID: 99c276819ae2830886b31aaa7b2e9582]]>
            </message>
            <full-stacktrace>
              <![CDATA[org.openqa.selenium.NoSuchElementException: no such element: Unable to locate element: {"method":"link text","selector":"Tester’s Hub"}
  (Session info: chrome=109.0.5414.120)
For documentation on this error, please visit: https://www.selenium.dev/documentation/webdriver/troubleshooting/errors#no-such-element-exception
Build info: version: '4.11.0', revision: '040bc5406b'
System info: os.name: 'Windows 7', os.arch: 'amd64', os.version: '6.1', java.version: '17.0.7'
Driver info: org.openqa.selenium.chrome.ChromeDriver
Command: [99c276819ae2830886b31aaa7b2e9582, findElement {using=link text, value=Tester’s Hub}]
Capabilities {acceptInsecureCerts: false, browserName: chrome, browserVersion: 109.0.5414.120, chrome: {chromedriverVersion: 109.0.5414.25 (771113d280dd..., userDataDir: C:\Program Files (x86)\scop...}, goog:chromeOptions: {debuggerAddress: localhost:55575}, networkConnectionEnabled: false, pageLoadStrategy: normal, platformName: windows, proxy: Proxy(), se:cdp: ws://localhost:55575/devtoo..., se:cdpVersion: 109.0.5414.120, setWindowRect: true, strictFileInteractability: false, timeouts: {implicit: 0, pageLoad: 300000, script: 30000}, unhandledPromptBehavior: dismiss and notify, webauthn:extension:credBlob: true, webauthn:extension:largeBlob: true, webauthn:virtualAuthenticators: true}
Session ID: 99c276819ae2830886b31aaa7b2e9582
at java.base/jdk.internal.reflect.NativeConstructorAccessorImpl.newInstance0(Native Method)
at java.base/jdk.internal.reflect.NativeConstructorAccessorImpl.newInstance(NativeConstructorAccessorImpl.java:77)
at java.base/jdk.internal.reflect.DelegatingConstructorAccessorImpl.newInstance(DelegatingConstructorAccessorImpl.java:45)
at java.base/java.lang.reflect.Constructor.newInstanceWithCaller(Constructor.java:499)
at java.base/java.lang.reflect.Constructor.newInstance(Constructor.java:480)
at org.openqa.selenium.remote.codec.w3c.W3CHttpResponseCodec.createException(W3CHttpResponseCodec.java:200)
at org.openqa.selenium.remote.codec.w3c.W3CHttpResponseCodec.decode(W3CHttpResponseCodec.java:133)
at org.openqa.selenium.remote.codec.w3c.W3CHttpResponseCodec.decode(W3CHttpResponseCodec.java:52)
at org.openqa.selenium.remote.HttpCommandExecutor.execute(HttpCommandExecutor.java:191)
at org.openqa.selenium.remote.service.DriverCommandExecutor.invokeExecute(DriverCommandExecutor.java:196)
at org.openqa.selenium.remote.service.DriverCommandExecutor.execute(DriverCommandExecutor.java:171)
at org.openqa.selenium.remote.RemoteWebDriver.execute(RemoteWebDriver.java:518)
at org.openqa.selenium.remote.ElementLocation$ElementFinder$2.findElement(ElementLocation.java:165)
at org.openqa.selenium.remote.ElementLocation.findElement(ElementLocation.java:59)
at org.openqa.selenium.remote.RemoteWebDriver.findElement(RemoteWebDriver.java:355)
at org.openqa.selenium.remote.RemoteWebDriver.findElement(RemoteWebDriver.java:349)
at testng.crm.computers(crm.java:78)
at java.base/jdk.internal.reflect.NativeMethodAccessorImpl.invoke0(Native Method)
at java.base/jdk.internal.reflect.NativeMethodAccessorImpl.invoke(NativeMethodAccessorImpl.java:77)
at java.base/jdk.internal.reflect.DelegatingMethodAccessorImpl.invoke(DelegatingMethodAccessorImpl.java:43)
at java.base/java.lang.reflect.Method.invoke(Method.java:568)
at org.testng.internal.MethodInvocationHelper.invokeMethod(MethodInvocationHelper.java:124)
at org.testng.internal.Invoker.invokeMethod(Invoker.java:583)
at org.testng.internal.Invoker.invokeTestMethod(Invoker.java:719)
at org.testng.internal.Invoker.invokeTestMethods(Invoker.java:989)
at org.testng.internal.TestMethodWorker.invokeTestMethods(TestMethodWorker.java:125)
at org.testng.internal.TestMethodWorker.run(TestMethodWorker.java:109)
at org.testng.TestRunner.privateRun(TestRunner.java:648)
at org.testng.TestRunner.run(TestRunner.java:505)
at org.testng.SuiteRunner.runTest(SuiteRunner.java:455)
at org.testng.SuiteRunner.runSequentially(SuiteRunner.java:450)
at org.testng.SuiteRunner.privateRun(SuiteRunner.java:415)
at org.testng.SuiteRunner.run(SuiteRunner.java:364)
at org.testng.SuiteRunnerWorker.runSuite(SuiteRunnerWorker.java:52)
at org.testng.SuiteRunnerWorker.run(SuiteRunnerWorker.java:84)
at org.testng.TestNG.runSuitesSequentially(TestNG.java:1208)
at org.testng.TestNG.runSuitesLocally(TestNG.java:1137)
at org.testng.TestNG.runSuites(TestNG.java:1049)
at org.testng.TestNG.run(TestNG.java:1017)
at org.testng.remote.AbstractRemoteTestNG.run(AbstractRemoteTestNG.java:115)
at org.testng.remote.RemoteTestNG.initAndRun(RemoteTestNG.java:251)
at org.testng.remote.RemoteTestNG.main(RemoteTestNG.java:77)
]]>
            </full-stacktrace>
          </exception> <!-- org.openqa.selenium.NoSuchElementException -->
          <reporter-output>
          </reporter-output>
        </test-method> <!-- computers -->
        <test-method is-config="true" signature="after()[pri:0, instance:testng.crm@6d025197]" started-at="2023-11-27T16:55:48Z" name="after" finished-at="2023-11-27T16:55:50Z" duration-ms="1480" status="PASS">
          <reporter-output>
          </reporter-output>
        </test-method> <!-- after -->
        <test-method is-config="true" signature="before()[pri:0, instance:testng.crm@6d025197]" started-at="2023-11-27T16:55:50Z" name="before" finished-at="2023-11-27T16:55:57Z" duration-ms="6927" status="PASS">
          <reporter-output>
          </reporter-output>
        </test-method> <!-- before -->
        <test-method signature="login(java.lang.String, java.lang.String)[pri:1, instance:testng.crm@6d025197]" started-at="2023-11-27T16:55:57Z" name="login" data-provider="mydata" finished-at="2023-11-27T16:56:01Z" duration-ms="4332" status="PASS">
          <params>
            <param index="0">
              <value>
                <![CDATA[abdocr77@gmail.com]]>
              </value>
            </param>
            <param index="1">
              <value>
                <![CDATA[abdo mo11]]>
              </value>
            </param>
          </params>
          <reporter-output>
          </reporter-output>
        </test-method> <!-- login -->
        <test-method is-config="true" signature="after()[pri:0, instance:testng.crm@6d025197]" started-at="2023-11-27T16:56:01Z" name="after" finished-at="2023-11-27T16:56:02Z" duration-ms="928" status="PASS">
          <reporter-output>
          </reporter-output>
        </test-method> <!-- after -->
        <test-method is-config="true" signature="before()[pri:0, instance:testng.crm@6d025197]" started-at="2023-11-27T16:56:02Z" name="before" finished-at="2023-11-27T16:56:11Z" duration-ms="8964" status="PASS">
          <reporter-output>
          </reporter-output>
        </test-method> <!-- before -->
        <test-method signature="login(java.lang.String, java.lang.String)[pri:1, instance:testng.crm@6d025197]" started-at="2023-11-27T16:56:11Z" name="login" data-provider="mydata" finished-at="2023-11-27T16:56:15Z" duration-ms="4117" status="PASS">
          <params>
            <param index="0">
              <value>
                <![CDATA[abdocr77@gmail.com]]>
              </value>
            </param>
            <param index="1">
              <value>
                <![CDATA[abdo mo]]>
              </value>
            </param>
          </params>
          <reporter-output>
          </reporter-output>
        </test-method> <!-- login -->
        <test-method is-config="true" signature="after()[pri:0, instance:testng.crm@6d025197]" started-at="2023-11-27T16:56:15Z" name="after" finished-at="2023-11-27T16:56:16Z" duration-ms="1112" status="PASS">
          <reporter-output>
          </reporter-output>
        </test-method> <!-- after -->
        <test-method is-config="true" signature="before()[pri:0, instance:testng.crm@6d025197]" started-at="2023-11-27T16:56:16Z" name="before" finished-at="2023-11-27T16:56:24Z" duration-ms="7775" status="PASS">
          <reporter-output>
          </reporter-output>
        </test-method> <!-- before -->
        <test-method signature="login(java.lang.String, java.lang.String)[pri:1, instance:testng.crm@6d025197]" started-at="2023-11-27T16:56:24Z" name="login" data-provider="mydata" finished-at="2023-11-27T16:56:28Z" duration-ms="4067" status="PASS">
          <params>
            <param index="0">
              <value>
                <![CDATA[abdocr@gmail.com]]>
              </value>
            </param>
            <param index="1">
              <value>
                <![CDATA[abdo mo11]]>
              </value>
            </param>
          </params>
          <reporter-output>
          </reporter-output>
        </test-method> <!-- login -->
        <test-method is-config="true" signature="after()[pri:0, instance:testng.crm@6d025197]" started-at="2023-11-27T16:56:28Z" name="after" finished-at="2023-11-27T16:56:29Z" duration-ms="1121" status="PASS">
          <reporter-output>
          </reporter-output>
        </test-method> <!-- after -->
        <test-method is-config="true" signature="before()[pri:0, instance:testng.crm@6d025197]" started-at="2023-11-27T16:56:29Z" name="before" finished-at="2023-11-27T16:56:37Z" duration-ms="8366" status="PASS">
          <reporter-output>
          </reporter-output>
        </test-method> <!-- before -->
        <test-method signature="login(java.lang.String, java.lang.String)[pri:1, instance:testng.crm@6d025197]" started-at="2023-11-27T16:56:37Z" name="login" data-provider="mydata" finished-at="2023-11-27T16:56:41Z" duration-ms="3516" status="PASS">
          <params>
            <param index="0">
              <value>
                <![CDATA[abdocrr@gmail.com]]>
              </value>
            </param>
            <param index="1">
              <value>
                <![CDATA[abdo moo]]>
              </value>
            </param>
          </params>
          <reporter-output>
          </reporter-output>
        </test-method> <!-- login -->
        <test-method is-config="true" signature="after()[pri:0, instance:testng.crm@6d025197]" started-at="2023-11-27T16:56:41Z" name="after" finished-at="2023-11-27T16:56:42Z" duration-ms="918" status="PASS">
          <reporter-output>
          </reporter-output>
        </test-method> <!-- after -->
        <test-method is-config="true" signature="before()[pri:0, instance:testng.crm@6d025197]" started-at="2023-11-27T16:56:42Z" name="before" finished-at="2023-11-27T16:56:50Z" duration-ms="7644" status="PASS">
          <reporter-output>
          </reporter-output>
        </test-method> <!-- before -->
        <test-method signature="title()[pri:2, instance:testng.crm@6d025197]" started-at="2023-11-27T16:56:50Z" name="title" finished-at="2023-11-27T16:56:50Z" duration-ms="54" status="PASS">
          <reporter-output>
          </reporter-output>
        </test-method> <!-- title -->
        <test-method is-config="true" signature="after()[pri:0, instance:testng.crm@6d025197]" started-at="2023-11-27T16:56:50Z" name="after" finished-at="2023-11-27T16:56:51Z" duration-ms="909" status="PASS">
          <reporter-output>
          </reporter-output>
        </test-method> <!-- after -->
        <test-method is-config="true" signature="before()[pri:0, instance:testng.crm@6d025197]" started-at="2023-11-27T16:56:51Z" name="before" finished-at="2023-11-27T16:56:59Z" duration-ms="8089" status="PASS">
          <reporter-output>
          </reporter-output>
        </test-method> <!-- before -->
        <test-method signature="logo()[pri:3, instance:testng.crm@6d025197]" started-at="2023-11-27T16:56:59Z" name="logo" finished-at="2023-11-27T16:56:59Z" duration-ms="223" status="PASS">
          <reporter-output>
          </reporter-output>
        </test-method> <!-- logo -->
        <test-method is-config="true" signature="after()[pri:0, instance:testng.crm@6d025197]" started-at="2023-11-27T16:56:59Z" name="after" finished-at="2023-11-27T16:57:00Z" duration-ms="980" status="PASS">
          <reporter-output>
          </reporter-output>
        </test-method> <!-- after -->
        <test-method is-config="true" signature="before()[pri:0, instance:testng.crm@6d025197]" started-at="2023-11-27T16:57:00Z" name="before" finished-at="2023-11-27T16:57:07Z" duration-ms="7677" status="PASS">
          <reporter-output>
          </reporter-output>
        </test-method> <!-- before -->
        <test-method signature="url()[pri:4, instance:testng.crm@6d025197]" started-at="2023-11-27T16:57:07Z" name="url" finished-at="2023-11-27T16:57:08Z" duration-ms="31" status="PASS">
          <reporter-output>
          </reporter-output>
        </test-method> <!-- url -->
        <test-method is-config="true" signature="after()[pri:0, instance:testng.crm@6d025197]" started-at="2023-11-27T16:57:08Z" name="after" finished-at="2023-11-27T16:57:09Z" duration-ms="1095" status="PASS">
          <reporter-output>
          </reporter-output>
        </test-method> <!-- after -->
      </class> <!-- testng.crm -->
    </test> <!-- Default test -->
  </suite> <!-- Default suite -->
</testng-results>
